<?xml version="1.0" encoding="UTF-8"?>
<coverage generated="1657076610327" clover="3.2.0">
  <project timestamp="1657076610327" name="All files">
    <metrics statements="94" coveredstatements="60" conditionals="2" coveredconditionals="0" methods="39" coveredmethods="2" elements="135" coveredelements="62" complexity="0" loc="94" ncloc="94" packages="4" files="8" classes="8"/>
    <package name="config">
      <metrics statements="5" coveredstatements="4" conditionals="0" coveredconditionals="0" methods="1" coveredmethods="0"/>
      <file name="context.ts" path="C:\Users\Vegap\Desktop\8 semestre\Diplomado en Arquitectura de Software con tecnologías\Proyecto Final\src\config\context.ts">
        <metrics statements="5" coveredstatements="4" conditionals="0" coveredconditionals="0" methods="1" coveredmethods="0"/>
        <line num="2" count="2" type="stmt"/>
        <line num="3" count="2" type="stmt"/>
        <line num="15" count="2" type="stmt"/>
        <line num="16" count="0" type="stmt"/>
        <line num="20" count="2" type="stmt"/>
      </file>
    </package>
    <package name="db.entities">
      <metrics statements="51" coveredstatements="33" conditionals="0" coveredconditionals="0" methods="21" coveredmethods="2"/>
      <file name="Category.ts" path="C:\Users\Vegap\Desktop\8 semestre\Diplomado en Arquitectura de Software con tecnologías\Proyecto Final\src\db\entities\Category.ts">
        <metrics statements="16" coveredstatements="10" conditionals="0" coveredconditionals="0" methods="6" coveredmethods="0"/>
        <line num="1" count="2" type="stmt"/>
        <line num="2" count="2" type="stmt"/>
        <line num="3" count="2" type="stmt"/>
        <line num="7" count="2" type="stmt"/>
        <line num="8" count="0" type="stmt"/>
        <line num="9" count="2" type="stmt"/>
        <line num="11" count="0" type="stmt"/>
        <line num="12" count="2" type="stmt"/>
        <line num="14" count="0" type="stmt"/>
        <line num="15" count="2" type="stmt"/>
        <line num="17" count="0" type="stmt"/>
        <line num="18" count="2" type="stmt"/>
        <line num="20" count="0" type="stmt"/>
        <line num="21" count="2" type="stmt"/>
        <line num="23" count="0" type="stmt"/>
        <line num="24" count="2" type="stmt"/>
      </file>
      <file name="Product.ts" path="C:\Users\Vegap\Desktop\8 semestre\Diplomado en Arquitectura de Software con tecnologías\Proyecto Final\src\db\entities\Product.ts">
        <metrics statements="18" coveredstatements="11" conditionals="0" coveredconditionals="0" methods="7" coveredmethods="0"/>
        <line num="1" count="2" type="stmt"/>
        <line num="2" count="2" type="stmt"/>
        <line num="3" count="2" type="stmt"/>
        <line num="6" count="2" type="stmt"/>
        <line num="7" count="0" type="stmt"/>
        <line num="8" count="2" type="stmt"/>
        <line num="10" count="0" type="stmt"/>
        <line num="11" count="2" type="stmt"/>
        <line num="13" count="0" type="stmt"/>
        <line num="14" count="2" type="stmt"/>
        <line num="16" count="0" type="stmt"/>
        <line num="17" count="2" type="stmt"/>
        <line num="19" count="0" type="stmt"/>
        <line num="20" count="2" type="stmt"/>
        <line num="22" count="0" type="stmt"/>
        <line num="23" count="2" type="stmt"/>
        <line num="25" count="0" type="stmt"/>
        <line num="26" count="2" type="stmt"/>
      </file>
      <file name="Stock.ts" path="C:\Users\Vegap\Desktop\8 semestre\Diplomado en Arquitectura de Software con tecnologías\Proyecto Final\src\db\entities\Stock.ts">
        <metrics statements="14" coveredstatements="9" conditionals="0" coveredconditionals="0" methods="5" coveredmethods="0"/>
        <line num="1" count="2" type="stmt"/>
        <line num="2" count="2" type="stmt"/>
        <line num="4" count="2" type="stmt"/>
        <line num="7" count="2" type="stmt"/>
        <line num="9" count="0" type="stmt"/>
        <line num="10" count="2" type="stmt"/>
        <line num="12" count="0" type="stmt"/>
        <line num="13" count="2" type="stmt"/>
        <line num="15" count="0" type="stmt"/>
        <line num="16" count="2" type="stmt"/>
        <line num="18" count="0" type="stmt"/>
        <line num="19" count="2" type="stmt"/>
        <line num="21" count="0" type="stmt"/>
        <line num="22" count="2" type="stmt"/>
      </file>
      <file name="index.ts" path="C:\Users\Vegap\Desktop\8 semestre\Diplomado en Arquitectura de Software con tecnologías\Proyecto Final\src\db\entities\index.ts">
        <metrics statements="3" coveredstatements="3" conditionals="0" coveredconditionals="0" methods="3" coveredmethods="2"/>
        <line num="1" count="5" type="stmt"/>
        <line num="2" count="3" type="stmt"/>
        <line num="3" count="2" type="stmt"/>
      </file>
    </package>
    <package name="resolvers.mutation">
      <metrics statements="16" coveredstatements="11" conditionals="0" coveredconditionals="0" methods="7" coveredmethods="0"/>
      <file name="category.ts" path="C:\Users\Vegap\Desktop\8 semestre\Diplomado en Arquitectura de Software con tecnologías\Proyecto Final\src\resolvers\mutation\category.ts">
        <metrics statements="16" coveredstatements="11" conditionals="0" coveredconditionals="0" methods="7" coveredmethods="0"/>
        <line num="1" count="1" type="stmt"/>
        <line num="2" count="1" type="stmt"/>
        <line num="14" count="1" type="stmt"/>
        <line num="19" count="1" type="stmt"/>
        <line num="21" count="0" type="stmt"/>
        <line num="22" count="1" type="stmt"/>
        <line num="25" count="1" type="stmt"/>
        <line num="28" count="1" type="stmt"/>
        <line num="40" count="1" type="stmt"/>
        <line num="43" count="1" type="stmt"/>
        <line num="47" count="0" type="stmt"/>
        <line num="56" count="1" type="stmt"/>
        <line num="60" count="0" type="stmt"/>
        <line num="71" count="0" type="stmt"/>
        <line num="72" count="1" type="stmt"/>
        <line num="76" count="0" type="stmt"/>
      </file>
    </package>
    <package name="resolvers.query">
      <metrics statements="22" coveredstatements="12" conditionals="2" coveredconditionals="0" methods="10" coveredmethods="0"/>
      <file name="category.ts" path="C:\Users\Vegap\Desktop\8 semestre\Diplomado en Arquitectura de Software con tecnologías\Proyecto Final\src\resolvers\query\category.ts">
        <metrics statements="11" coveredstatements="6" conditionals="2" coveredconditionals="0" methods="5" coveredmethods="0"/>
        <line num="1" count="1" type="stmt"/>
        <line num="2" count="1" type="stmt"/>
        <line num="11" count="1" type="stmt"/>
        <line num="15" count="1" type="stmt"/>
        <line num="18" count="0" type="stmt"/>
        <line num="19" count="1" type="stmt"/>
        <line num="20" count="0" type="stmt"/>
        <line num="24" count="0" type="stmt"/>
        <line num="25" count="1" type="stmt"/>
        <line num="26" count="0" type="stmt"/>
        <line num="30" count="0" type="stmt"/>
      </file>
      <file name="product.ts" path="C:\Users\Vegap\Desktop\8 semestre\Diplomado en Arquitectura de Software con tecnologías\Proyecto Final\src\resolvers\query\product.ts">
        <metrics statements="11" coveredstatements="6" conditionals="0" coveredconditionals="0" methods="5" coveredmethods="0"/>
        <line num="1" count="1" type="stmt"/>
        <line num="2" count="1" type="stmt"/>
        <line num="11" count="1" type="stmt"/>
        <line num="16" count="1" type="stmt"/>
        <line num="19" count="0" type="stmt"/>
        <line num="20" count="1" type="stmt"/>
        <line num="22" count="0" type="stmt"/>
        <line num="26" count="0" type="stmt"/>
        <line num="27" count="1" type="stmt"/>
        <line num="28" count="0" type="stmt"/>
        <line num="32" count="0" type="stmt"/>
      </file>
    </package>
  </project>
</coverage>
