{"C:\\Users\\Vegap\\Desktop\\8 semestre\\Diplomado en Arquitectura de Software con tecnologías\\Proyecto Final\\src\\config\\context.ts": {"path":"C:\\Users\\Vegap\\Desktop\\8 semestre\\Diplomado en Arquitectura de Software con tecnologías\\Proyecto Final\\src\\config\\context.ts","statementMap":{"0":{"start":{"line":2,"column":0},"end":{"line":2,"column":61}},"1":{"start":{"line":3,"column":0},"end":{"line":3,"column":31}},"2":{"start":{"line":15,"column":33},"end":{"line":19,"column":1}},"3":{"start":{"line":16,"column":4},"end":{"line":18,"column":null}},"4":{"start":{"line":15,"column":13},"end":{"line":15,"column":33}},"5":{"start":{"line":20,"column":13},"end":{"line":22,"column":null}}},"fnMap":{"0":{"name":"(anonymous_1)","decl":{"start":{"line":15,"column":33},"end":{"line":15,"column":49}},"loc":{"start":{"line":15,"column":51},"end":{"line":19,"column":1}}}},"branchMap":{},"s":{"0":2,"1":2,"2":2,"3":0,"4":2,"5":2},"f":{"0":0},"b":{}}
,"C:\\Users\\Vegap\\Desktop\\8 semestre\\Diplomado en Arquitectura de Software con tecnologías\\Proyecto Final\\src\\db\\entities\\Category.ts": {"path":"C:\\Users\\Vegap\\Desktop\\8 semestre\\Diplomado en Arquitectura de Software con tecnologías\\Proyecto Final\\src\\db\\entities\\Category.ts","statementMap":{"0":{"start":{"line":1,"column":0},"end":{"line":1,"column":26}},"1":{"start":{"line":2,"column":0},"end":{"line":2,"column":53}},"2":{"start":{"line":3,"column":0},"end":{"line":3,"column":36}},"3":{"start":{"line":7,"column":0},"end":{"line":27,"column":null}},"4":{"start":{"line":9,"column":4},"end":{"line":9,"column":null}},"5":{"start":{"line":8,"column":21},"end":{"line":8,"column":23}},"6":{"start":{"line":12,"column":4},"end":{"line":12,"column":null}},"7":{"start":{"line":11,"column":21},"end":{"line":11,"column":27}},"8":{"start":{"line":15,"column":4},"end":{"line":15,"column":null}},"9":{"start":{"line":14,"column":21},"end":{"line":14,"column":27}},"10":{"start":{"line":18,"column":4},"end":{"line":18,"column":null}},"11":{"start":{"line":17,"column":21},"end":{"line":17,"column":25}},"12":{"start":{"line":21,"column":4},"end":{"line":21,"column":null}},"13":{"start":{"line":20,"column":21},"end":{"line":20,"column":25}},"14":{"start":{"line":24,"column":4},"end":{"line":24,"column":null}},"15":{"start":{"line":23,"column":21},"end":{"line":23,"column":28}},"16":{"start":{"line":7,"column":13},"end":{"line":27,"column":null}},"17":{"start":{"line":7,"column":13},"end":{"line":7,"column":21}}},"fnMap":{"0":{"name":"(anonymous_2)","decl":{"start":{"line":8,"column":11},"end":{"line":8,"column":12}},"loc":{"start":{"line":8,"column":21},"end":{"line":8,"column":23}}},"1":{"name":"(anonymous_3)","decl":{"start":{"line":11,"column":11},"end":{"line":11,"column":12}},"loc":{"start":{"line":11,"column":21},"end":{"line":11,"column":27}}},"2":{"name":"(anonymous_4)","decl":{"start":{"line":14,"column":11},"end":{"line":14,"column":12}},"loc":{"start":{"line":14,"column":21},"end":{"line":14,"column":27}}},"3":{"name":"(anonymous_5)","decl":{"start":{"line":17,"column":11},"end":{"line":17,"column":12}},"loc":{"start":{"line":17,"column":21},"end":{"line":17,"column":25}}},"4":{"name":"(anonymous_6)","decl":{"start":{"line":20,"column":11},"end":{"line":20,"column":12}},"loc":{"start":{"line":20,"column":21},"end":{"line":20,"column":25}}},"5":{"name":"(anonymous_7)","decl":{"start":{"line":23,"column":11},"end":{"line":23,"column":12}},"loc":{"start":{"line":23,"column":21},"end":{"line":23,"column":28}}}},"branchMap":{},"s":{"0":2,"1":2,"2":2,"3":2,"4":2,"5":0,"6":2,"7":0,"8":2,"9":0,"10":2,"11":0,"12":2,"13":0,"14":2,"15":0,"16":2,"17":2},"f":{"0":0,"1":0,"2":0,"3":0,"4":0,"5":0},"b":{}}
,"C:\\Users\\Vegap\\Desktop\\8 semestre\\Diplomado en Arquitectura de Software con tecnologías\\Proyecto Final\\src\\db\\entities\\Product.ts": {"path":"C:\\Users\\Vegap\\Desktop\\8 semestre\\Diplomado en Arquitectura de Software con tecnologías\\Proyecto Final\\src\\db\\entities\\Product.ts","statementMap":{"0":{"start":{"line":1,"column":0},"end":{"line":1,"column":26}},"1":{"start":{"line":2,"column":0},"end":{"line":2,"column":53}},"2":{"start":{"line":3,"column":0},"end":{"line":3,"column":38}},"3":{"start":{"line":6,"column":0},"end":{"line":27,"column":null}},"4":{"start":{"line":8,"column":4},"end":{"line":8,"column":null}},"5":{"start":{"line":7,"column":21},"end":{"line":7,"column":23}},"6":{"start":{"line":11,"column":4},"end":{"line":11,"column":null}},"7":{"start":{"line":10,"column":21},"end":{"line":10,"column":27}},"8":{"start":{"line":14,"column":4},"end":{"line":14,"column":null}},"9":{"start":{"line":13,"column":21},"end":{"line":13,"column":27}},"10":{"start":{"line":17,"column":4},"end":{"line":17,"column":null}},"11":{"start":{"line":16,"column":21},"end":{"line":16,"column":27}},"12":{"start":{"line":20,"column":4},"end":{"line":20,"column":null}},"13":{"start":{"line":19,"column":21},"end":{"line":19,"column":25}},"14":{"start":{"line":23,"column":4},"end":{"line":23,"column":null}},"15":{"start":{"line":22,"column":21},"end":{"line":22,"column":25}},"16":{"start":{"line":26,"column":4},"end":{"line":26,"column":null}},"17":{"start":{"line":25,"column":21},"end":{"line":25,"column":29}},"18":{"start":{"line":6,"column":13},"end":{"line":27,"column":null}},"19":{"start":{"line":6,"column":13},"end":{"line":6,"column":20}}},"fnMap":{"0":{"name":"(anonymous_2)","decl":{"start":{"line":7,"column":11},"end":{"line":7,"column":12}},"loc":{"start":{"line":7,"column":21},"end":{"line":7,"column":23}}},"1":{"name":"(anonymous_3)","decl":{"start":{"line":10,"column":11},"end":{"line":10,"column":12}},"loc":{"start":{"line":10,"column":21},"end":{"line":10,"column":27}}},"2":{"name":"(anonymous_4)","decl":{"start":{"line":13,"column":11},"end":{"line":13,"column":12}},"loc":{"start":{"line":13,"column":21},"end":{"line":13,"column":27}}},"3":{"name":"(anonymous_5)","decl":{"start":{"line":16,"column":11},"end":{"line":16,"column":12}},"loc":{"start":{"line":16,"column":21},"end":{"line":16,"column":27}}},"4":{"name":"(anonymous_6)","decl":{"start":{"line":19,"column":11},"end":{"line":19,"column":12}},"loc":{"start":{"line":19,"column":21},"end":{"line":19,"column":25}}},"5":{"name":"(anonymous_7)","decl":{"start":{"line":22,"column":11},"end":{"line":22,"column":12}},"loc":{"start":{"line":22,"column":21},"end":{"line":22,"column":25}}},"6":{"name":"(anonymous_8)","decl":{"start":{"line":25,"column":11},"end":{"line":25,"column":12}},"loc":{"start":{"line":25,"column":21},"end":{"line":25,"column":29}}}},"branchMap":{},"s":{"0":2,"1":2,"2":2,"3":2,"4":2,"5":0,"6":2,"7":0,"8":2,"9":0,"10":2,"11":0,"12":2,"13":0,"14":2,"15":0,"16":2,"17":0,"18":2,"19":2},"f":{"0":0,"1":0,"2":0,"3":0,"4":0,"5":0,"6":0},"b":{}}
,"C:\\Users\\Vegap\\Desktop\\8 semestre\\Diplomado en Arquitectura de Software con tecnologías\\Proyecto Final\\src\\db\\entities\\Stock.ts": {"path":"C:\\Users\\Vegap\\Desktop\\8 semestre\\Diplomado en Arquitectura de Software con tecnologías\\Proyecto Final\\src\\db\\entities\\Stock.ts","statementMap":{"0":{"start":{"line":1,"column":0},"end":{"line":1,"column":26}},"1":{"start":{"line":2,"column":0},"end":{"line":2,"column":53}},"2":{"start":{"line":4,"column":0},"end":{"line":4,"column":36}},"3":{"start":{"line":7,"column":0},"end":{"line":25,"column":null}},"4":{"start":{"line":10,"column":4},"end":{"line":10,"column":null}},"5":{"start":{"line":9,"column":21},"end":{"line":9,"column":23}},"6":{"start":{"line":13,"column":4},"end":{"line":13,"column":null}},"7":{"start":{"line":12,"column":21},"end":{"line":12,"column":27}},"8":{"start":{"line":16,"column":4},"end":{"line":16,"column":null}},"9":{"start":{"line":15,"column":21},"end":{"line":15,"column":25}},"10":{"start":{"line":19,"column":4},"end":{"line":19,"column":null}},"11":{"start":{"line":18,"column":21},"end":{"line":18,"column":25}},"12":{"start":{"line":22,"column":4},"end":{"line":22,"column":null}},"13":{"start":{"line":21,"column":21},"end":{"line":21,"column":28}},"14":{"start":{"line":7,"column":13},"end":{"line":25,"column":null}},"15":{"start":{"line":7,"column":13},"end":{"line":7,"column":18}}},"fnMap":{"0":{"name":"(anonymous_2)","decl":{"start":{"line":9,"column":11},"end":{"line":9,"column":12}},"loc":{"start":{"line":9,"column":21},"end":{"line":9,"column":23}}},"1":{"name":"(anonymous_3)","decl":{"start":{"line":12,"column":11},"end":{"line":12,"column":12}},"loc":{"start":{"line":12,"column":21},"end":{"line":12,"column":27}}},"2":{"name":"(anonymous_4)","decl":{"start":{"line":15,"column":11},"end":{"line":15,"column":12}},"loc":{"start":{"line":15,"column":21},"end":{"line":15,"column":25}}},"3":{"name":"(anonymous_5)","decl":{"start":{"line":18,"column":11},"end":{"line":18,"column":12}},"loc":{"start":{"line":18,"column":21},"end":{"line":18,"column":25}}},"4":{"name":"(anonymous_6)","decl":{"start":{"line":21,"column":11},"end":{"line":21,"column":12}},"loc":{"start":{"line":21,"column":21},"end":{"line":21,"column":28}}}},"branchMap":{},"s":{"0":2,"1":2,"2":2,"3":2,"4":2,"5":0,"6":2,"7":0,"8":2,"9":0,"10":2,"11":0,"12":2,"13":0,"14":2,"15":2},"f":{"0":0,"1":0,"2":0,"3":0,"4":0},"b":{}}
,"C:\\Users\\Vegap\\Desktop\\8 semestre\\Diplomado en Arquitectura de Software con tecnologías\\Proyecto Final\\src\\db\\entities\\index.ts": {"path":"C:\\Users\\Vegap\\Desktop\\8 semestre\\Diplomado en Arquitectura de Software con tecnologías\\Proyecto Final\\src\\db\\entities\\index.ts","statementMap":{"0":{"start":{"line":1,"column":0},"end":{"line":1,"column":9}},"1":{"start":{"line":1,"column":9},"end":{"line":1,"column":38}},"2":{"start":{"line":2,"column":0},"end":{"line":2,"column":9}},"3":{"start":{"line":2,"column":9},"end":{"line":2,"column":36}},"4":{"start":{"line":3,"column":0},"end":{"line":3,"column":9}},"5":{"start":{"line":3,"column":9},"end":{"line":3,"column":32}}},"fnMap":{"0":{"name":"(anonymous_0)","decl":{"start":{"line":1,"column":9},"end":{"line":1,"column":17}},"loc":{"start":{"line":1,"column":9},"end":{"line":1,"column":38}}},"1":{"name":"(anonymous_1)","decl":{"start":{"line":2,"column":9},"end":{"line":2,"column":16}},"loc":{"start":{"line":2,"column":9},"end":{"line":2,"column":36}}},"2":{"name":"(anonymous_2)","decl":{"start":{"line":3,"column":9},"end":{"line":3,"column":14}},"loc":{"start":{"line":3,"column":9},"end":{"line":3,"column":32}}}},"branchMap":{},"s":{"0":2,"1":5,"2":2,"3":3,"4":2,"5":2},"f":{"0":3,"1":1,"2":0},"b":{}}
,"C:\\Users\\Vegap\\Desktop\\8 semestre\\Diplomado en Arquitectura de Software con tecnologías\\Proyecto Final\\src\\resolvers\\mutation\\category.ts": {"path":"C:\\Users\\Vegap\\Desktop\\8 semestre\\Diplomado en Arquitectura de Software con tecnologías\\Proyecto Final\\src\\resolvers\\mutation\\category.ts","statementMap":{"0":{"start":{"line":1,"column":0},"end":{"line":1,"column":26}},"1":{"start":{"line":2,"column":0},"end":{"line":2,"column":null}},"2":{"start":{"line":14,"column":0},"end":{"line":14,"column":54}},"3":{"start":{"line":19,"column":0},"end":{"line":37,"column":null}},"4":{"start":{"line":22,"column":4},"end":{"line":22,"column":null}},"5":{"start":{"line":21,"column":21},"end":{"line":21,"column":23}},"6":{"start":{"line":25,"column":4},"end":{"line":25,"column":null}},"7":{"start":{"line":28,"column":4},"end":{"line":28,"column":null}},"8":{"start":{"line":19,"column":6},"end":{"line":37,"column":null}},"9":{"start":{"line":40,"column":0},"end":{"line":81,"column":null}},"10":{"start":{"line":47,"column":8},"end":{"line":52,"column":null}},"11":{"start":{"line":60,"column":8},"end":{"line":66,"column":null}},"12":{"start":{"line":76,"column":8},"end":{"line":78,"column":null}},"13":{"start":{"line":43,"column":37},"end":{"line":53,"column":null}},"14":{"start":{"line":43,"column":27},"end":{"line":43,"column":35}},"15":{"start":{"line":56,"column":37},"end":{"line":67,"column":null}},"16":{"start":{"line":56,"column":27},"end":{"line":56,"column":35}},"17":{"start":{"line":72,"column":4},"end":{"line":79,"column":null}},"18":{"start":{"line":71,"column":30},"end":{"line":71,"column":39}},"19":{"start":{"line":40,"column":13},"end":{"line":81,"column":null}},"20":{"start":{"line":40,"column":13},"end":{"line":40,"column":29}}},"fnMap":{"0":{"name":"(anonymous_11)","decl":{"start":{"line":21,"column":11},"end":{"line":21,"column":12}},"loc":{"start":{"line":21,"column":21},"end":{"line":21,"column":23}}},"1":{"name":"(anonymous_12)","decl":{"start":{"line":43,"column":43},"end":{"line":43,"column":57}},"loc":{"start":{"line":45,"column":27},"end":{"line":53,"column":null}}},"2":{"name":"(anonymous_14)","decl":{"start":{"line":56,"column":43},"end":{"line":56,"column":57}},"loc":{"start":{"line":58,"column":27},"end":{"line":67,"column":null}}},"3":{"name":"(anonymous_16)","decl":{"start":{"line":72,"column":10},"end":{"line":72,"column":18}},"loc":{"start":{"line":74,"column":27},"end":{"line":79,"column":null}}},"4":{"name":"(anonymous_18)","decl":{"start":{"line":43,"column":14},"end":{"line":43,"column":15}},"loc":{"start":{"line":43,"column":27},"end":{"line":43,"column":35}}},"5":{"name":"(anonymous_19)","decl":{"start":{"line":56,"column":14},"end":{"line":56,"column":15}},"loc":{"start":{"line":56,"column":27},"end":{"line":56,"column":35}}},"6":{"name":"(anonymous_20)","decl":{"start":{"line":71,"column":19},"end":{"line":71,"column":26}},"loc":{"start":{"line":71,"column":30},"end":{"line":71,"column":39}}}},"branchMap":{},"s":{"0":1,"1":1,"2":1,"3":1,"4":1,"5":0,"6":1,"7":1,"8":1,"9":1,"10":0,"11":0,"12":0,"13":1,"14":0,"15":1,"16":0,"17":1,"18":0,"19":1,"20":1},"f":{"0":0,"1":0,"2":0,"3":0,"4":0,"5":0,"6":0},"b":{}}
,"C:\\Users\\Vegap\\Desktop\\8 semestre\\Diplomado en Arquitectura de Software con tecnologías\\Proyecto Final\\src\\resolvers\\query\\category.ts": {"path":"C:\\Users\\Vegap\\Desktop\\8 semestre\\Diplomado en Arquitectura de Software con tecnologías\\Proyecto Final\\src\\resolvers\\query\\category.ts","statementMap":{"0":{"start":{"line":1,"column":0},"end":{"line":1,"column":26}},"1":{"start":{"line":2,"column":0},"end":{"line":2,"column":null}},"2":{"start":{"line":11,"column":0},"end":{"line":11,"column":45}},"3":{"start":{"line":15,"column":0},"end":{"line":38,"column":null}},"4":{"start":{"line":20,"column":8},"end":{"line":20,"column":null}},"5":{"start":{"line":30,"column":8},"end":{"line":35,"column":null}},"6":{"start":{"line":19,"column":4},"end":{"line":21,"column":null}},"7":{"start":{"line":18,"column":17},"end":{"line":18,"column":27}},"8":{"start":{"line":25,"column":4},"end":{"line":37,"column":null}},"9":{"start":{"line":24,"column":17},"end":{"line":24,"column":25}},"10":{"start":{"line":26,"column":41},"end":{"line":26,"column":44}},"11":{"start":{"line":15,"column":13},"end":{"line":38,"column":null}},"12":{"start":{"line":15,"column":13},"end":{"line":15,"column":26}}},"fnMap":{"0":{"name":"(anonymous_11)","decl":{"start":{"line":19,"column":10},"end":{"line":19,"column":23}},"loc":{"start":{"line":19,"column":43},"end":{"line":21,"column":null}}},"1":{"name":"(anonymous_13)","decl":{"start":{"line":25,"column":10},"end":{"line":25,"column":22}},"loc":{"start":{"line":27,"column":31},"end":{"line":37,"column":null}}},"2":{"name":"(anonymous_15)","decl":{"start":{"line":18,"column":11},"end":{"line":18,"column":14}},"loc":{"start":{"line":18,"column":17},"end":{"line":18,"column":27}}},"3":{"name":"(anonymous_16)","decl":{"start":{"line":24,"column":11},"end":{"line":24,"column":14}},"loc":{"start":{"line":24,"column":17},"end":{"line":24,"column":25}}},"4":{"name":"(anonymous_17)","decl":{"start":{"line":26,"column":31},"end":{"line":26,"column":32}},"loc":{"start":{"line":26,"column":41},"end":{"line":26,"column":44}}}},"branchMap":{"0":{"loc":{"start":{"line":32,"column":28},"end":{"line":32,"column":51}},"type":"binary-expr","locations":[{"start":{"line":32,"column":28},"end":{"line":32,"column":38}},{"start":{"line":32,"column":42},"end":{"line":32,"column":51}}]}},"s":{"0":1,"1":1,"2":1,"3":1,"4":0,"5":0,"6":1,"7":0,"8":1,"9":0,"10":0,"11":1,"12":1},"f":{"0":0,"1":0,"2":0,"3":0,"4":0},"b":{"0":[0,0]}}
,"C:\\Users\\Vegap\\Desktop\\8 semestre\\Diplomado en Arquitectura de Software con tecnologías\\Proyecto Final\\src\\resolvers\\query\\product.ts": {"path":"C:\\Users\\Vegap\\Desktop\\8 semestre\\Diplomado en Arquitectura de Software con tecnologías\\Proyecto Final\\src\\resolvers\\query\\product.ts","statementMap":{"0":{"start":{"line":1,"column":0},"end":{"line":1,"column":26}},"1":{"start":{"line":2,"column":0},"end":{"line":2,"column":null}},"2":{"start":{"line":11,"column":0},"end":{"line":11,"column":44}},"3":{"start":{"line":16,"column":0},"end":{"line":53,"column":null}},"4":{"start":{"line":22,"column":8},"end":{"line":22,"column":null}},"5":{"start":{"line":32,"column":8},"end":{"line":36,"column":null}},"6":{"start":{"line":20,"column":4},"end":{"line":23,"column":null}},"7":{"start":{"line":19,"column":17},"end":{"line":19,"column":26}},"8":{"start":{"line":27,"column":4},"end":{"line":38,"column":null}},"9":{"start":{"line":26,"column":17},"end":{"line":26,"column":24}},"10":{"start":{"line":28,"column":40},"end":{"line":28,"column":43}},"11":{"start":{"line":16,"column":13},"end":{"line":53,"column":null}},"12":{"start":{"line":16,"column":13},"end":{"line":16,"column":25}}},"fnMap":{"0":{"name":"(anonymous_11)","decl":{"start":{"line":20,"column":10},"end":{"line":20,"column":20}},"loc":{"start":{"line":21,"column":27},"end":{"line":23,"column":null}}},"1":{"name":"(anonymous_13)","decl":{"start":{"line":27,"column":10},"end":{"line":27,"column":21}},"loc":{"start":{"line":29,"column":31},"end":{"line":38,"column":null}}},"2":{"name":"(anonymous_15)","decl":{"start":{"line":19,"column":11},"end":{"line":19,"column":14}},"loc":{"start":{"line":19,"column":17},"end":{"line":19,"column":26}}},"3":{"name":"(anonymous_16)","decl":{"start":{"line":26,"column":11},"end":{"line":26,"column":14}},"loc":{"start":{"line":26,"column":17},"end":{"line":26,"column":24}}},"4":{"name":"(anonymous_17)","decl":{"start":{"line":28,"column":30},"end":{"line":28,"column":31}},"loc":{"start":{"line":28,"column":40},"end":{"line":28,"column":43}}}},"branchMap":{},"s":{"0":1,"1":1,"2":1,"3":1,"4":0,"5":0,"6":1,"7":0,"8":1,"9":0,"10":0,"11":1,"12":1},"f":{"0":0,"1":0,"2":0,"3":0,"4":0},"b":{}}
}
