TN:
SF:src\config\context.ts
FN:15,(anonymous_1)
FNF:1
FNH:0
FNDA:0,(anonymous_1)
DA:2,2
DA:3,2
DA:15,2
DA:16,0
DA:20,2
LF:5
LH:4
BRF:0
BRH:0
end_of_record
TN:
SF:src\db\entities\Category.ts
FN:8,(anonymous_2)
FN:11,(anonymous_3)
FN:14,(anonymous_4)
FN:17,(anonymous_5)
FN:20,(anonymous_6)
FN:23,(anonymous_7)
FNF:6
FNH:0
FNDA:0,(anonymous_2)
FNDA:0,(anonymous_3)
FNDA:0,(anonymous_4)
FNDA:0,(anonymous_5)
FNDA:0,(anonymous_6)
FNDA:0,(anonymous_7)
DA:1,2
DA:2,2
DA:3,2
DA:7,2
DA:8,0
DA:9,2
DA:11,0
DA:12,2
DA:14,0
DA:15,2
DA:17,0
DA:18,2
DA:20,0
DA:21,2
DA:23,0
DA:24,2
LF:16
LH:10
BRF:0
BRH:0
end_of_record
TN:
SF:src\db\entities\Product.ts
FN:7,(anonymous_2)
FN:10,(anonymous_3)
FN:13,(anonymous_4)
FN:16,(anonymous_5)
FN:19,(anonymous_6)
FN:22,(anonymous_7)
FN:25,(anonymous_8)
FNF:7
FNH:0
FNDA:0,(anonymous_2)
FNDA:0,(anonymous_3)
FNDA:0,(anonymous_4)
FNDA:0,(anonymous_5)
FNDA:0,(anonymous_6)
FNDA:0,(anonymous_7)
FNDA:0,(anonymous_8)
DA:1,2
DA:2,2
DA:3,2
DA:6,2
DA:7,0
DA:8,2
DA:10,0
DA:11,2
DA:13,0
DA:14,2
DA:16,0
DA:17,2
DA:19,0
DA:20,2
DA:22,0
DA:23,2
DA:25,0
DA:26,2
LF:18
LH:11
BRF:0
BRH:0
end_of_record
TN:
SF:src\db\entities\Stock.ts
FN:9,(anonymous_2)
FN:12,(anonymous_3)
FN:15,(anonymous_4)
FN:18,(anonymous_5)
FN:21,(anonymous_6)
FNF:5
FNH:0
FNDA:0,(anonymous_2)
FNDA:0,(anonymous_3)
FNDA:0,(anonymous_4)
FNDA:0,(anonymous_5)
FNDA:0,(anonymous_6)
DA:1,2
DA:2,2
DA:4,2
DA:7,2
DA:9,0
DA:10,2
DA:12,0
DA:13,2
DA:15,0
DA:16,2
DA:18,0
DA:19,2
DA:21,0
DA:22,2
LF:14
LH:9
BRF:0
BRH:0
end_of_record
TN:
SF:src\db\entities\index.ts
FN:1,(anonymous_0)
FN:2,(anonymous_1)
FN:3,(anonymous_2)
FNF:3
FNH:2
FNDA:3,(anonymous_0)
FNDA:1,(anonymous_1)
FNDA:0,(anonymous_2)
DA:1,5
DA:2,3
DA:3,2
LF:3
LH:3
BRF:0
BRH:0
end_of_record
TN:
SF:src\resolvers\mutation\category.ts
FN:21,(anonymous_11)
FN:43,(anonymous_12)
FN:56,(anonymous_14)
FN:72,(anonymous_16)
FN:43,(anonymous_18)
FN:56,(anonymous_19)
FN:71,(anonymous_20)
FNF:7
FNH:0
FNDA:0,(anonymous_11)
FNDA:0,(anonymous_12)
FNDA:0,(anonymous_14)
FNDA:0,(anonymous_16)
FNDA:0,(anonymous_18)
FNDA:0,(anonymous_19)
FNDA:0,(anonymous_20)
DA:1,1
DA:2,1
DA:14,1
DA:19,1
DA:21,0
DA:22,1
DA:25,1
DA:28,1
DA:40,1
DA:43,1
DA:47,0
DA:56,1
DA:60,0
DA:71,0
DA:72,1
DA:76,0
LF:16
LH:11
BRF:0
BRH:0
end_of_record
TN:
SF:src\resolvers\query\category.ts
FN:19,(anonymous_11)
FN:25,(anonymous_13)
FN:18,(anonymous_15)
FN:24,(anonymous_16)
FN:26,(anonymous_17)
FNF:5
FNH:0
FNDA:0,(anonymous_11)
FNDA:0,(anonymous_13)
FNDA:0,(anonymous_15)
FNDA:0,(anonymous_16)
FNDA:0,(anonymous_17)
DA:1,1
DA:2,1
DA:11,1
DA:15,1
DA:18,0
DA:19,1
DA:20,0
DA:24,0
DA:25,1
DA:26,0
DA:30,0
LF:11
LH:6
BRDA:32,0,0,0
BRDA:32,0,1,0
BRF:2
BRH:0
end_of_record
TN:
SF:src\resolvers\query\product.ts
FN:20,(anonymous_11)
FN:27,(anonymous_13)
FN:19,(anonymous_15)
FN:26,(anonymous_16)
FN:28,(anonymous_17)
FNF:5
FNH:0
FNDA:0,(anonymous_11)
FNDA:0,(anonymous_13)
FNDA:0,(anonymous_15)
FNDA:0,(anonymous_16)
FNDA:0,(anonymous_17)
DA:1,1
DA:2,1
DA:11,1
DA:16,1
DA:19,0
DA:20,1
DA:22,0
DA:26,0
DA:27,1
DA:28,0
DA:32,0
LF:11
LH:6
BRF:0
BRH:0
end_of_record
